<?xml version="1.0" encoding="UTF-8"?>
<testsuite xmlns:xsi="http://www.w3.org/2001/XMLSchema-instance" xsi:noNamespaceSchemaLocation="https://maven.apache.org/surefire/maven-surefire-plugin/xsd/surefire-test-report.xsd" name="TestingQA.TestDemoMavenProject.AppTest" time="0.372" tests="1" errors="0" skipped="0" failures="0">
  <properties>
    <property name="java.specification.version" value="15"/>
    <property name="sun.cpu.isalist" value="amd64"/>
    <property name="sun.jnu.encoding" value="Cp1252"/>
    <property name="java.class.path" value="C:\mavenProject\TestDemoMavenProject\target\test-classes;C:\mavenProject\TestDemoMavenProject\target\classes;C:\Users\choud\.m2\repository\junit\junit\4.11\junit-4.11.jar;C:\Users\choud\.m2\repository\org\hamcrest\hamcrest-core\1.3\hamcrest-core-1.3.jar;C:\Users\choud\.m2\repository\org\seleniumhq\selenium\selenium-java\4.0.0-beta-1\selenium-java-4.0.0-beta-1.jar;C:\Users\choud\.m2\repository\org\seleniumhq\selenium\selenium-api\4.0.0-beta-1\selenium-api-4.0.0-beta-1.jar;C:\Users\choud\.m2\repository\org\seleniumhq\selenium\selenium-chrome-driver\4.0.0-beta-1\selenium-chrome-driver-4.0.0-beta-1.jar;C:\Users\choud\.m2\repository\com\google\auto\service\auto-service-annotations\1.0-rc7\auto-service-annotations-1.0-rc7.jar;C:\Users\choud\.m2\repository\com\google\auto\service\auto-service\1.0-rc7\auto-service-1.0-rc7.jar;C:\Users\choud\.m2\repository\com\google\auto\auto-common\0.10\auto-common-0.10.jar;C:\Users\choud\.m2\repository\com\google\guava\guava\30.1-jre\guava-30.1-jre.jar;C:\Users\choud\.m2\repository\com\google\guava\failureaccess\1.0.1\failureaccess-1.0.1.jar;C:\Users\choud\.m2\repository\com\google\guava\listenablefuture\9999.0-empty-to-avoid-conflict-with-guava\listenablefuture-9999.0-empty-to-avoid-conflict-with-guava.jar;C:\Users\choud\.m2\repository\com\google\code\findbugs\jsr305\3.0.2\jsr305-3.0.2.jar;C:\Users\choud\.m2\repository\org\checkerframework\checker-qual\3.5.0\checker-qual-3.5.0.jar;C:\Users\choud\.m2\repository\com\google\errorprone\error_prone_annotations\2.3.4\error_prone_annotations-2.3.4.jar;C:\Users\choud\.m2\repository\com\google\j2objc\j2objc-annotations\1.3\j2objc-annotations-1.3.jar;C:\Users\choud\.m2\repository\org\seleniumhq\selenium\selenium-chromium-driver\4.0.0-beta-1\selenium-chromium-driver-4.0.0-beta-1.jar;C:\Users\choud\.m2\repository\org\seleniumhq\selenium\selenium-devtools\4.0.0-beta-1\selenium-devtools-4.0.0-beta-1.jar;C:\Users\choud\.m2\repository\org\seleniumhq\selenium\selenium-http\4.0.0-beta-1\selenium-http-4.0.0-beta-1.jar;C:\Users\choud\.m2\repository\org\seleniumhq\selenium\selenium-json\4.0.0-beta-1\selenium-json-4.0.0-beta-1.jar;C:\Users\choud\.m2\repository\org\seleniumhq\selenium\selenium-devtools-v86\4.0.0-beta-1\selenium-devtools-v86-4.0.0-beta-1.jar;C:\Users\choud\.m2\repository\org\seleniumhq\selenium\selenium-devtools-v87\4.0.0-beta-1\selenium-devtools-v87-4.0.0-beta-1.jar;C:\Users\choud\.m2\repository\org\seleniumhq\selenium\selenium-devtools-v88\4.0.0-beta-1\selenium-devtools-v88-4.0.0-beta-1.jar;C:\Users\choud\.m2\repository\org\seleniumhq\selenium\selenium-devtools-v89\4.0.0-beta-1\selenium-devtools-v89-4.0.0-beta-1.jar;C:\Users\choud\.m2\repository\org\seleniumhq\selenium\selenium-edge-driver\4.0.0-beta-1\selenium-edge-driver-4.0.0-beta-1.jar;C:\Users\choud\.m2\repository\org\seleniumhq\selenium\selenium-firefox-driver\4.0.0-beta-1\selenium-firefox-driver-4.0.0-beta-1.jar;C:\Users\choud\.m2\repository\org\seleniumhq\selenium\selenium-firefox-xpi-driver\4.0.0-beta-1\selenium-firefox-xpi-driver-4.0.0-beta-1.jar;C:\Users\choud\.m2\repository\org\seleniumhq\selenium\selenium-ie-driver\4.0.0-beta-1\selenium-ie-driver-4.0.0-beta-1.jar;C:\Users\choud\.m2\repository\org\seleniumhq\selenium\selenium-opera-driver\4.0.0-beta-1\selenium-opera-driver-4.0.0-beta-1.jar;C:\Users\choud\.m2\repository\org\seleniumhq\selenium\selenium-remote-driver\4.0.0-beta-1\selenium-remote-driver-4.0.0-beta-1.jar;C:\Users\choud\.m2\repository\io\netty\netty-buffer\4.1.58.Final\netty-buffer-4.1.58.Final.jar;C:\Users\choud\.m2\repository\io\netty\netty-codec-http\4.1.58.Final\netty-codec-http-4.1.58.Final.jar;C:\Users\choud\.m2\repository\io\netty\netty-codec\4.1.58.Final\netty-codec-4.1.58.Final.jar;C:\Users\choud\.m2\repository\io\netty\netty-handler\4.1.58.Final\netty-handler-4.1.58.Final.jar;C:\Users\choud\.m2\repository\io\netty\netty-common\4.1.58.Final\netty-common-4.1.58.Final.jar;C:\Users\choud\.m2\repository\io\netty\netty-transport-native-epoll\4.1.58.Final\netty-transport-native-epoll-4.1.58.Final.jar;C:\Users\choud\.m2\repository\io\netty\netty-transport-native-kqueue\4.1.58.Final\netty-transport-native-kqueue-4.1.58.Final.jar;C:\Users\choud\.m2\repository\io\netty\netty-transport-native-unix-common\4.1.58.Final\netty-transport-native-unix-common-4.1.58.Final.jar;C:\Users\choud\.m2\repository\io\netty\netty-transport\4.1.58.Final\netty-transport-4.1.58.Final.jar;C:\Users\choud\.m2\repository\io\netty\netty-resolver\4.1.58.Final\netty-resolver-4.1.58.Final.jar;C:\Users\choud\.m2\repository\io\opentelemetry\opentelemetry-api\0.14.1\opentelemetry-api-0.14.1.jar;C:\Users\choud\.m2\repository\io\opentelemetry\opentelemetry-context\0.14.1\opentelemetry-context-0.14.1.jar;C:\Users\choud\.m2\repository\io\opentelemetry\opentelemetry-exporter-logging\0.14.1\opentelemetry-exporter-logging-0.14.1.jar;C:\Users\choud\.m2\repository\io\opentelemetry\opentelemetry-sdk-metrics\0.14.1-alpha\opentelemetry-sdk-metrics-0.14.1-alpha.jar;C:\Users\choud\.m2\repository\io\opentelemetry\opentelemetry-sdk-common\0.14.1\opentelemetry-sdk-common-0.14.1.jar;C:\Users\choud\.m2\repository\io\opentelemetry\opentelemetry-sdk-trace\0.14.1\opentelemetry-sdk-trace-0.14.1.jar;C:\Users\choud\.m2\repository\io\opentelemetry\opentelemetry-api-metrics\0.14.1-alpha\opentelemetry-api-metrics-0.14.1-alpha.jar;C:\Users\choud\.m2\repository\io\opentelemetry\opentelemetry-sdk\0.14.1\opentelemetry-sdk-0.14.1.jar;C:\Users\choud\.m2\repository\io\opentelemetry\opentelemetry-semconv\0.14.1\opentelemetry-semconv-0.14.1.jar;C:\Users\choud\.m2\repository\net\bytebuddy\byte-buddy\1.10.19\byte-buddy-1.10.19.jar;C:\Users\choud\.m2\repository\org\apache\commons\commons-exec\1.3\commons-exec-1.3.jar;C:\Users\choud\.m2\repository\org\asynchttpclient\async-http-client\2.12.2\async-http-client-2.12.2.jar;C:\Users\choud\.m2\repository\org\asynchttpclient\async-http-client-netty-utils\2.12.2\async-http-client-netty-utils-2.12.2.jar;C:\Users\choud\.m2\repository\io\netty\netty-codec-socks\4.1.53.Final\netty-codec-socks-4.1.53.Final.jar;C:\Users\choud\.m2\repository\io\netty\netty-handler-proxy\4.1.53.Final\netty-handler-proxy-4.1.53.Final.jar;C:\Users\choud\.m2\repository\io\netty\netty-transport-native-epoll\4.1.53.Final\netty-transport-native-epoll-4.1.53.Final-linux-x86_64.jar;C:\Users\choud\.m2\repository\io\netty\netty-transport-native-kqueue\4.1.53.Final\netty-transport-native-kqueue-4.1.53.Final-osx-x86_64.jar;C:\Users\choud\.m2\repository\org\reactivestreams\reactive-streams\1.0.3\reactive-streams-1.0.3.jar;C:\Users\choud\.m2\repository\com\typesafe\netty\netty-reactive-streams\2.0.4\netty-reactive-streams-2.0.4.jar;C:\Users\choud\.m2\repository\org\slf4j\slf4j-api\1.7.30\slf4j-api-1.7.30.jar;C:\Users\choud\.m2\repository\com\sun\activation\jakarta.activation\1.2.2\jakarta.activation-1.2.2.jar;C:\Users\choud\.m2\repository\org\seleniumhq\selenium\selenium-safari-driver\4.0.0-beta-1\selenium-safari-driver-4.0.0-beta-1.jar;C:\Users\choud\.m2\repository\org\seleniumhq\selenium\selenium-support\4.0.0-beta-1\selenium-support-4.0.0-beta-1.jar;C:\Users\choud\.m2\repository\org\apache\poi\poi\3.17\poi-3.17.jar;C:\Users\choud\.m2\repository\commons-codec\commons-codec\1.10\commons-codec-1.10.jar;C:\Users\choud\.m2\repository\org\apache\commons\commons-collections4\4.1\commons-collections4-4.1.jar;"/>
    <property name="java.vm.vendor" value="Oracle Corporation"/>
    <property name="sun.arch.data.model" value="64"/>
    <property name="user.variant" value=""/>
    <property name="java.vendor.url" value="https://java.oracle.com/"/>
    <property name="user.timezone" value="Asia/Calcutta"/>
    <property name="os.name" value="Windows 10"/>
    <property name="java.vm.specification.version" value="15"/>
    <property name="sun.java.launcher" value="SUN_STANDARD"/>
    <property name="user.country" value="IN"/>
    <property name="sun.boot.library.path" value="F:\eclipse\plugins\org.eclipse.justj.openjdk.hotspot.jre.full.win32.x86_64_15.0.2.v20210201-0955\jre\bin"/>
    <property name="sun.java.command" value="C:\Users\choud\AppData\Local\Temp\surefire2337919048750347158\surefirebooter14273185906651150829.jar C:\Users\choud\AppData\Local\Temp\surefire2337919048750347158 2021-03-25T22-13-03_073-jvmRun1 surefire7878244021203860275tmp surefire_09237058461151913575tmp"/>
    <property name="jdk.debug" value="release"/>
    <property name="surefire.test.class.path" value="C:\mavenProject\TestDemoMavenProject\target\test-classes;C:\mavenProject\TestDemoMavenProject\target\classes;C:\Users\choud\.m2\repository\junit\junit\4.11\junit-4.11.jar;C:\Users\choud\.m2\repository\org\hamcrest\hamcrest-core\1.3\hamcrest-core-1.3.jar;C:\Users\choud\.m2\repository\org\seleniumhq\selenium\selenium-java\4.0.0-beta-1\selenium-java-4.0.0-beta-1.jar;C:\Users\choud\.m2\repository\org\seleniumhq\selenium\selenium-api\4.0.0-beta-1\selenium-api-4.0.0-beta-1.jar;C:\Users\choud\.m2\repository\org\seleniumhq\selenium\selenium-chrome-driver\4.0.0-beta-1\selenium-chrome-driver-4.0.0-beta-1.jar;C:\Users\choud\.m2\repository\com\google\auto\service\auto-service-annotations\1.0-rc7\auto-service-annotations-1.0-rc7.jar;C:\Users\choud\.m2\repository\com\google\auto\service\auto-service\1.0-rc7\auto-service-1.0-rc7.jar;C:\Users\choud\.m2\repository\com\google\auto\auto-common\0.10\auto-common-0.10.jar;C:\Users\choud\.m2\repository\com\google\guava\guava\30.1-jre\guava-30.1-jre.jar;C:\Users\choud\.m2\repository\com\google\guava\failureaccess\1.0.1\failureaccess-1.0.1.jar;C:\Users\choud\.m2\repository\com\google\guava\listenablefuture\9999.0-empty-to-avoid-conflict-with-guava\listenablefuture-9999.0-empty-to-avoid-conflict-with-guava.jar;C:\Users\choud\.m2\repository\com\google\code\findbugs\jsr305\3.0.2\jsr305-3.0.2.jar;C:\Users\choud\.m2\repository\org\checkerframework\checker-qual\3.5.0\checker-qual-3.5.0.jar;C:\Users\choud\.m2\repository\com\google\errorprone\error_prone_annotations\2.3.4\error_prone_annotations-2.3.4.jar;C:\Users\choud\.m2\repository\com\google\j2objc\j2objc-annotations\1.3\j2objc-annotations-1.3.jar;C:\Users\choud\.m2\repository\org\seleniumhq\selenium\selenium-chromium-driver\4.0.0-beta-1\selenium-chromium-driver-4.0.0-beta-1.jar;C:\Users\choud\.m2\repository\org\seleniumhq\selenium\selenium-devtools\4.0.0-beta-1\selenium-devtools-4.0.0-beta-1.jar;C:\Users\choud\.m2\repository\org\seleniumhq\selenium\selenium-http\4.0.0-beta-1\selenium-http-4.0.0-beta-1.jar;C:\Users\choud\.m2\repository\org\seleniumhq\selenium\selenium-json\4.0.0-beta-1\selenium-json-4.0.0-beta-1.jar;C:\Users\choud\.m2\repository\org\seleniumhq\selenium\selenium-devtools-v86\4.0.0-beta-1\selenium-devtools-v86-4.0.0-beta-1.jar;C:\Users\choud\.m2\repository\org\seleniumhq\selenium\selenium-devtools-v87\4.0.0-beta-1\selenium-devtools-v87-4.0.0-beta-1.jar;C:\Users\choud\.m2\repository\org\seleniumhq\selenium\selenium-devtools-v88\4.0.0-beta-1\selenium-devtools-v88-4.0.0-beta-1.jar;C:\Users\choud\.m2\repository\org\seleniumhq\selenium\selenium-devtools-v89\4.0.0-beta-1\selenium-devtools-v89-4.0.0-beta-1.jar;C:\Users\choud\.m2\repository\org\seleniumhq\selenium\selenium-edge-driver\4.0.0-beta-1\selenium-edge-driver-4.0.0-beta-1.jar;C:\Users\choud\.m2\repository\org\seleniumhq\selenium\selenium-firefox-driver\4.0.0-beta-1\selenium-firefox-driver-4.0.0-beta-1.jar;C:\Users\choud\.m2\repository\org\seleniumhq\selenium\selenium-firefox-xpi-driver\4.0.0-beta-1\selenium-firefox-xpi-driver-4.0.0-beta-1.jar;C:\Users\choud\.m2\repository\org\seleniumhq\selenium\selenium-ie-driver\4.0.0-beta-1\selenium-ie-driver-4.0.0-beta-1.jar;C:\Users\choud\.m2\repository\org\seleniumhq\selenium\selenium-opera-driver\4.0.0-beta-1\selenium-opera-driver-4.0.0-beta-1.jar;C:\Users\choud\.m2\repository\org\seleniumhq\selenium\selenium-remote-driver\4.0.0-beta-1\selenium-remote-driver-4.0.0-beta-1.jar;C:\Users\choud\.m2\repository\io\netty\netty-buffer\4.1.58.Final\netty-buffer-4.1.58.Final.jar;C:\Users\choud\.m2\repository\io\netty\netty-codec-http\4.1.58.Final\netty-codec-http-4.1.58.Final.jar;C:\Users\choud\.m2\repository\io\netty\netty-codec\4.1.58.Final\netty-codec-4.1.58.Final.jar;C:\Users\choud\.m2\repository\io\netty\netty-handler\4.1.58.Final\netty-handler-4.1.58.Final.jar;C:\Users\choud\.m2\repository\io\netty\netty-common\4.1.58.Final\netty-common-4.1.58.Final.jar;C:\Users\choud\.m2\repository\io\netty\netty-transport-native-epoll\4.1.58.Final\netty-transport-native-epoll-4.1.58.Final.jar;C:\Users\choud\.m2\repository\io\netty\netty-transport-native-kqueue\4.1.58.Final\netty-transport-native-kqueue-4.1.58.Final.jar;C:\Users\choud\.m2\repository\io\netty\netty-transport-native-unix-common\4.1.58.Final\netty-transport-native-unix-common-4.1.58.Final.jar;C:\Users\choud\.m2\repository\io\netty\netty-transport\4.1.58.Final\netty-transport-4.1.58.Final.jar;C:\Users\choud\.m2\repository\io\netty\netty-resolver\4.1.58.Final\netty-resolver-4.1.58.Final.jar;C:\Users\choud\.m2\repository\io\opentelemetry\opentelemetry-api\0.14.1\opentelemetry-api-0.14.1.jar;C:\Users\choud\.m2\repository\io\opentelemetry\opentelemetry-context\0.14.1\opentelemetry-context-0.14.1.jar;C:\Users\choud\.m2\repository\io\opentelemetry\opentelemetry-exporter-logging\0.14.1\opentelemetry-exporter-logging-0.14.1.jar;C:\Users\choud\.m2\repository\io\opentelemetry\opentelemetry-sdk-metrics\0.14.1-alpha\opentelemetry-sdk-metrics-0.14.1-alpha.jar;C:\Users\choud\.m2\repository\io\opentelemetry\opentelemetry-sdk-common\0.14.1\opentelemetry-sdk-common-0.14.1.jar;C:\Users\choud\.m2\repository\io\opentelemetry\opentelemetry-sdk-trace\0.14.1\opentelemetry-sdk-trace-0.14.1.jar;C:\Users\choud\.m2\repository\io\opentelemetry\opentelemetry-api-metrics\0.14.1-alpha\opentelemetry-api-metrics-0.14.1-alpha.jar;C:\Users\choud\.m2\repository\io\opentelemetry\opentelemetry-sdk\0.14.1\opentelemetry-sdk-0.14.1.jar;C:\Users\choud\.m2\repository\io\opentelemetry\opentelemetry-semconv\0.14.1\opentelemetry-semconv-0.14.1.jar;C:\Users\choud\.m2\repository\net\bytebuddy\byte-buddy\1.10.19\byte-buddy-1.10.19.jar;C:\Users\choud\.m2\repository\org\apache\commons\commons-exec\1.3\commons-exec-1.3.jar;C:\Users\choud\.m2\repository\org\asynchttpclient\async-http-client\2.12.2\async-http-client-2.12.2.jar;C:\Users\choud\.m2\repository\org\asynchttpclient\async-http-client-netty-utils\2.12.2\async-http-client-netty-utils-2.12.2.jar;C:\Users\choud\.m2\repository\io\netty\netty-codec-socks\4.1.53.Final\netty-codec-socks-4.1.53.Final.jar;C:\Users\choud\.m2\repository\io\netty\netty-handler-proxy\4.1.53.Final\netty-handler-proxy-4.1.53.Final.jar;C:\Users\choud\.m2\repository\io\netty\netty-transport-native-epoll\4.1.53.Final\netty-transport-native-epoll-4.1.53.Final-linux-x86_64.jar;C:\Users\choud\.m2\repository\io\netty\netty-transport-native-kqueue\4.1.53.Final\netty-transport-native-kqueue-4.1.53.Final-osx-x86_64.jar;C:\Users\choud\.m2\repository\org\reactivestreams\reactive-streams\1.0.3\reactive-streams-1.0.3.jar;C:\Users\choud\.m2\repository\com\typesafe\netty\netty-reactive-streams\2.0.4\netty-reactive-streams-2.0.4.jar;C:\Users\choud\.m2\repository\org\slf4j\slf4j-api\1.7.30\slf4j-api-1.7.30.jar;C:\Users\choud\.m2\repository\com\sun\activation\jakarta.activation\1.2.2\jakarta.activation-1.2.2.jar;C:\Users\choud\.m2\repository\org\seleniumhq\selenium\selenium-safari-driver\4.0.0-beta-1\selenium-safari-driver-4.0.0-beta-1.jar;C:\Users\choud\.m2\repository\org\seleniumhq\selenium\selenium-support\4.0.0-beta-1\selenium-support-4.0.0-beta-1.jar;C:\Users\choud\.m2\repository\org\apache\poi\poi\3.17\poi-3.17.jar;C:\Users\choud\.m2\repository\commons-codec\commons-codec\1.10\commons-codec-1.10.jar;C:\Users\choud\.m2\repository\org\apache\commons\commons-collections4\4.1\commons-collections4-4.1.jar;"/>
    <property name="sun.cpu.endian" value="little"/>
    <property name="user.home" value="C:\Users\choud"/>
    <property name="user.language" value="en"/>
    <property name="java.specification.vendor" value="Oracle Corporation"/>
    <property name="java.version.date" value="2021-01-19"/>
    <property name="java.home" value="F:\eclipse\plugins\org.eclipse.justj.openjdk.hotspot.jre.full.win32.x86_64_15.0.2.v20210201-0955\jre"/>
    <property name="file.separator" value="\"/>
    <property name="basedir" value="C:\mavenProject\TestDemoMavenProject"/>
    <property name="java.vm.compressedOopsMode" value="32-bit"/>
    <property name="line.separator" value="&#10;"/>
    <property name="java.vm.specification.vendor" value="Oracle Corporation"/>
    <property name="java.specification.name" value="Java Platform API Specification"/>
    <property name="surefire.real.class.path" value="C:\Users\choud\AppData\Local\Temp\surefire2337919048750347158\surefirebooter14273185906651150829.jar"/>
    <property name="user.script" value=""/>
    <property name="sun.management.compiler" value="HotSpot 64-Bit Tiered Compilers"/>
    <property name="java.runtime.version" value="15.0.2+7-27"/>
    <property name="user.name" value="Prakash"/>
    <property name="path.separator" value=";"/>
    <property name="os.version" value="10.0"/>
    <property name="java.runtime.name" value="OpenJDK Runtime Environment"/>
    <property name="file.encoding" value="Cp1252"/>
    <property name="java.vm.name" value="OpenJDK 64-Bit Server VM"/>
    <property name="localRepository" value="C:\Users\choud\.m2\repository"/>
    <property name="java.vendor.url.bug" value="https://bugreport.java.com/bugreport/"/>
    <property name="java.io.tmpdir" value="C:\Users\choud\AppData\Local\Temp\"/>
    <property name="java.version" value="15.0.2"/>
    <property name="user.dir" value="C:\mavenProject\TestDemoMavenProject"/>
    <property name="os.arch" value="amd64"/>
    <property name="java.vm.specification.name" value="Java Virtual Machine Specification"/>
    <property name="sun.os.patch.level" value=""/>
    <property name="java.library.path" value="F:\eclipse\plugins\org.eclipse.justj.openjdk.hotspot.jre.full.win32.x86_64_15.0.2.v20210201-0955\jre\bin;C:\WINDOWS\Sun\Java\bin;C:\WINDOWS\system32;C:\WINDOWS;F:/eclipse//plugins/org.eclipse.justj.openjdk.hotspot.jre.full.win32.x86_64_15.0.2.v20210201-0955/jre/bin/server;F:/eclipse//plugins/org.eclipse.justj.openjdk.hotspot.jre.full.win32.x86_64_15.0.2.v20210201-0955/jre/bin;C:\Program Files\Common Files\Oracle\Java\javapath;C:\app\Prakash\product\18.0.0\dbhomeXE\bin;C:\windows\system32;C:\windows;C:\windows\System32\Wbem;C:\windows\System32\WindowsPowerShell\v1.0\;C:\windows\System32\OpenSSH\;C:\Program Files (x86)\NVIDIA Corporation\PhysX\Common;C:\Program Files\NVIDIA Corporation\NVIDIA NvDLISR;C:\WINDOWS\system32;C:\WINDOWS;C:\WINDOWS\System32\Wbem;C:\WINDOWS\System32\WindowsPowerShell\v1.0\;C:\WINDOWS\System32\OpenSSH\;C:\spark-3.0.1-bin-hadoop2.7;C:\Users\choud\AppData\Local\Microsoft\WindowsApps;C:\Program Files\JetBrains\PyCharm Community Edition 2020.3.2\bin;;F:\eclipse;;."/>
    <property name="java.vm.info" value="mixed mode"/>
    <property name="java.vendor" value="Oracle Corporation"/>
    <property name="java.vm.version" value="15.0.2+7-27"/>
    <property name="sun.io.unicode.encoding" value="UnicodeLittle"/>
    <property name="java.class.version" value="59.0"/>
  </properties>
  <testcase name="shouldAnswerWithTrue" classname="TestingQA.TestDemoMavenProject.AppTest" time="0.004"/>
</testsuite>